[33m>[39m Building...
[32m√[39m Building...
[1mInitial chunk files[22m[2m | [22m[1mNames[22m         [2m | [22m[1mRaw size[22m
[32mmain.js[39m            [2m | [22m[2mmain[22m          [2m | [22m[36m16.45 kB[39m[2m | [22m
[32mstyles.css[39m         [2m | [22m[2mstyles[22m        [2m | [22m [36m9.14 kB[39m[2m | [22m
[32mchunk-CZJLB7T5.js[39m  [2m | [22m[2m-[22m             [2m | [22m [36m1.08 kB[39m[2m | [22m

[1m [22m                  [2m | [22m[1mInitial total[22m [2m | [22m[1m26.66 kB[22m

[1mLazy chunk files[22m   [2m | [22m[1mNames[22m         [2m | [22m[1mRaw size[22m
[32mchunk-O2IYJAED.js[39m  [2m | [22m[2mauthors-routes[22m[2m | [22m[36m38.10 kB[39m[2m | [22m
[32mchunk-YO7QFYWT.js[39m  [2m | [22m[2mbooks-routes[22m  [2m | [22m[36m37.65 kB[39m[2m | [22m
[32mchunk-FC2CW24D.js[39m  [2m | [22m[2m-[22m             [2m | [22m [36m5.56 kB[39m[2m | [22m

Application bundle generation complete. [4.719 seconds] - 2026-05-14T17:59:51.283Z

Watch mode enabled. Watching for file changes...
NOTE: Raw file sizes do not reflect development server per-request transformations.
  [32m➜[39m  [1mLocal[22m:   [36mhttp://localhost:[1m4200[22m/[39m
[33m>[39m Changes detected. Rebuilding...
[32m√[39m Changes detected. Rebuilding...
[1mInitial chunk files[22m[2m | [22m[1mNames[22m[2m | [22m[1mRaw size[22m
[32mmain.js[39m            [2m | [22m[2mmain[22m [2m | [22m[36m16.45 kB[39m[2m | [22m

Application bundle generation complete. [4.534 seconds] - 2026-05-14T18:14:48.068Z

Page reload sent to client(s).
[33m>[39m Changes detected. Rebuilding...
[32m√[39m Changes detected. Rebuilding...
[1mInitial chunk files[22m[2m | [22m[1mNames[22m[2m | [22m[1mRaw size[22m
[32mmain.js[39m            [2m | [22m[2mmain[22m [2m | [22m[36m16.45 kB[39m[2m | [22m

Application bundle generation complete. [1.253 seconds] - 2026-05-14T18:14:50.942Z

Page reload sent to client(s).
[33m>[39m Changes detected. Rebuilding...
[32m√[39m Changes detected. Rebuilding...
[1mInitial chunk files[22m[2m | [22m[1mNames[22m         [2m | [22m[1mRaw size[22m
[32mmain.js[39m            [2m | [22m[2mmain[22m          [2m | [22m[36m16.45 kB[39m[2m | [22m
[32mstyles.css[39m         [2m | [22m[2mstyles[22m        [2m | [22m [36m9.14 kB[39m[2m | [22m
[32mchunk-CZJLB7T5.js[39m  [2m | [22m[2m-[22m             [2m | [22m [36m1.08 kB[39m[2m | [22m

[1m [22m                  [2m | [22m[1mInitial total[22m [2m | [22m[1m26.66 kB[22m

[1mLazy chunk files[22m   [2m | [22m[1mNames[22m         [2m | [22m[1mRaw size[22m
[32mchunk-O2IYJAED.js[39m  [2m | [22m[2mauthors-routes[22m[2m | [22m[36m38.10 kB[39m[2m | [22m
[32mchunk-YO7QFYWT.js[39m  [2m | [22m[2mbooks-routes[22m  [2m | [22m[36m37.65 kB[39m[2m | [22m
[32mchunk-FC2CW24D.js[39m  [2m | [22m[2m-[22m             [2m | [22m [36m5.56 kB[39m[2m | [22m

Application bundle generation complete. [0.405 seconds] - 2026-05-14T18:14:53.430Z

[33m>[39m Changes detected. Rebuilding...
[32m√[39m Changes detected. Rebuilding...
[1mInitial chunk files[22m[2m | [22m[1mNames[22m       [2m | [22m[1mRaw size[22m
[32mmain.js[39m            [2m | [22m[2mmain[22m        [2m | [22m[36m16.45 kB[39m[2m | [22m

[1mLazy chunk files[22m   [2m | [22m[1mNames[22m       [2m | [22m[1mRaw size[22m
[32mchunk-IMMIVRXQ.js[39m  [2m | [22m[2mbooks-routes[22m[2m | [22m[36m37.89 kB[39m[2m | [22m

Application bundle generation complete. [1.092 seconds] - 2026-05-14T18:16:40.502Z

Page reload sent to client(s).
[33m>[39m Changes detected. Rebuilding...
[32m√[39m Changes detected. Rebuilding...
[1mInitial chunk files[22m[2m | [22m[1mNames[22m         [2m | [22m[1mRaw size[22m
[32mmain.js[39m            [2m | [22m[2mmain[22m          [2m | [22m[36m16.45 kB[39m[2m | [22m
[32mstyles.css[39m         [2m | [22m[2mstyles[22m        [2m | [22m [36m9.14 kB[39m[2m | [22m
[32mchunk-CZJLB7T5.js[39m  [2m | [22m[2m-[22m             [2m | [22m [36m1.08 kB[39m[2m | [22m

[1m [22m                  [2m | [22m[1mInitial total[22m [2m | [22m[1m26.66 kB[22m

[1mLazy chunk files[22m   [2m | [22m[1mNames[22m         [2m | [22m[1mRaw size[22m
[32mchunk-O2IYJAED.js[39m  [2m | [22m[2mauthors-routes[22m[2m | [22m[36m38.10 kB[39m[2m | [22m
[32mchunk-IMMIVRXQ.js[39m  [2m | [22m[2mbooks-routes[22m  [2m | [22m[36m37.89 kB[39m[2m | [22m
[32mchunk-FC2CW24D.js[39m  [2m | [22m[2m-[22m             [2m | [22m [36m5.56 kB[39m[2m | [22m

Application bundle generation complete. [0.463 seconds] - 2026-05-14T18:16:40.979Z

[33m>[39m Changes detected. Rebuilding...
[32m√[39m Changes detected. Rebuilding...
[1mInitial chunk files[22m[2m | [22m[1mNames[22m         [2m | [22m[1mRaw size[22m
[32mmain.js[39m            [2m | [22m[2mmain[22m          [2m | [22m[36m16.45 kB[39m[2m | [22m
[32mstyles.css[39m         [2m | [22m[2mstyles[22m        [2m | [22m [36m9.14 kB[39m[2m | [22m
[32mchunk-CZJLB7T5.js[39m  [2m | [22m[2m-[22m             [2m | [22m [36m1.08 kB[39m[2m | [22m

[1m [22m                  [2m | [22m[1mInitial total[22m [2m | [22m[1m26.66 kB[22m

[1mLazy chunk files[22m   [2m | [22m[1mNames[22m         [2m | [22m[1mRaw size[22m
[32mchunk-O2IYJAED.js[39m  [2m | [22m[2mauthors-routes[22m[2m | [22m[36m38.10 kB[39m[2m | [22m
[32mchunk-IMMIVRXQ.js[39m  [2m | [22m[2mbooks-routes[22m  [2m | [22m[36m37.89 kB[39m[2m | [22m
[32mchunk-FC2CW24D.js[39m  [2m | [22m[2m-[22m             [2m | [22m [36m5.56 kB[39m[2m | [22m

Application bundle generation complete. [0.497 seconds] - 2026-05-14T18:16:49.056Z

[33m>[39m Changes detected. Rebuilding...
[32m√[39m Changes detected. Rebuilding...
[1mInitial chunk files[22m[2m | [22m[1mNames[22m       [2m | [22m[1mRaw size[22m
[32mmain.js[39m            [2m | [22m[2mmain[22m        [2m | [22m[36m16.45 kB[39m[2m | [22m

[1mLazy chunk files[22m   [2m | [22m[1mNames[22m       [2m | [22m[1mRaw size[22m
[32mchunk-2HH7HWCG.js[39m  [2m | [22m[2mbooks-routes[22m[2m | [22m[36m37.62 kB[39m[2m | [22m

Application bundle generation complete. [0.901 seconds] - 2026-05-14T18:17:04.491Z

Page reload sent to client(s).
[33m>[39m Changes detected. Rebuilding...
[32m√[39m Changes detected. Rebuilding...
[1mInitial chunk files[22m[2m | [22m[1mNames[22m         [2m | [22m[1mRaw size[22m
[32mmain.js[39m            [2m | [22m[2mmain[22m          [2m | [22m[36m16.45 kB[39m[2m | [22m
[32mstyles.css[39m         [2m | [22m[2mstyles[22m        [2m | [22m [36m9.14 kB[39m[2m | [22m
[32mchunk-CZJLB7T5.js[39m  [2m | [22m[2m-[22m             [2m | [22m [36m1.08 kB[39m[2m | [22m

[1m [22m                  [2m | [22m[1mInitial total[22m [2m | [22m[1m26.66 kB[22m

[1mLazy chunk files[22m   [2m | [22m[1mNames[22m         [2m | [22m[1mRaw size[22m
[32mchunk-O2IYJAED.js[39m  [2m | [22m[2mauthors-routes[22m[2m | [22m[36m38.10 kB[39m[2m | [22m
[32mchunk-2HH7HWCG.js[39m  [2m | [22m[2mbooks-routes[22m  [2m | [22m[36m37.62 kB[39m[2m | [22m
[32mchunk-FC2CW24D.js[39m  [2m | [22m[2m-[22m             [2m | [22m [36m5.56 kB[39m[2m | [22m

Application bundle generation complete. [0.470 seconds] - 2026-05-14T18:17:20.646Z

[33m>[39m Changes detected. Rebuilding...
[32m√[39m Changes detected. Rebuilding...
[1mInitial chunk files[22m[2m | [22m[1mNames[22m         [2m | [22m[1mRaw size[22m
[32mmain.js[39m            [2m | [22m[2mmain[22m          [2m | [22m[36m16.45 kB[39m[2m | [22m
[32mstyles.css[39m         [2m | [22m[2mstyles[22m        [2m | [22m [36m9.14 kB[39m[2m | [22m
[32mchunk-CZJLB7T5.js[39m  [2m | [22m[2m-[22m             [2m | [22m [36m1.08 kB[39m[2m | [22m

[1m [22m                  [2m | [22m[1mInitial total[22m [2m | [22m[1m26.66 kB[22m

[1mLazy chunk files[22m   [2m | [22m[1mNames[22m         [2m | [22m[1mRaw size[22m
[32mchunk-O2IYJAED.js[39m  [2m | [22m[2mauthors-routes[22m[2m | [22m[36m38.10 kB[39m[2m | [22m
[32mchunk-2HH7HWCG.js[39m  [2m | [22m[2mbooks-routes[22m  [2m | [22m[36m37.62 kB[39m[2m | [22m
[32mchunk-FC2CW24D.js[39m  [2m | [22m[2m-[22m             [2m | [22m [36m5.56 kB[39m[2m | [22m

Application bundle generation complete. [0.525 seconds] - 2026-05-14T18:18:06.218Z

